빌드 시작: 2015-02-11 오후 1:26:29
     1>2 노드의 "D:\드롭박스\Dropbox\Team MSN\trunk\GrandChangReulAge\GrandChangReulAge.vcxproj" 프로젝트(Build 대상)입니다.
     1>ClCompile:
         C:\Program Files (x86)\Microsoft Visual Studio 12.0\VC\bin\CL.exe /c /I"D:\드롭박스\Dropbox\Team MSN\trunk\irrKlang-32bit-1.5.0\irrKlang-1.5.0\include" /ZI /nologo /W3 /WX- /sdl /Od /Oy- /D WIN32 /D _DEBUG /D _WINDOWS /D _UNICODE /D UNICODE /Gm /EHsc /RTC1 /MDd /GS /fp:precise /Zc:wchar_t /Zc:forScope /Fo"Debug\\" /Fd"Debug\vc120.pdb" /Gd /TP /analyze- /errorReport:prompt TestStage.cpp
         TestStage.cpp
     1>d:\드롭박스\dropbox\team msn\trunk\grandchangreulage\teststage.cpp(235): warning C4244: '=' : 'DWORD'에서 'float'(으)로 변환하면서 데이터가 손실될 수 있습니다.
     1>d:\드롭박스\dropbox\team msn\trunk\grandchangreulage\teststage.cpp(254): warning C4244: '인수' : 'double'에서 'float'(으)로 변환하면서 데이터가 손실될 수 있습니다.
     1>d:\드롭박스\dropbox\team msn\trunk\grandchangreulage\teststage.cpp(695): warning C4244: '인수' : 'double'에서 'int'(으)로 변환하면서 데이터가 손실될 수 있습니다.
       Link:
         C:\Program Files (x86)\Microsoft Visual Studio 12.0\VC\bin\link.exe /ERRORREPORT:PROMPT /OUT:"D:\드롭박스\Dropbox\Team MSN\trunk\Debug\GrandChangReulAge.exe" /INCREMENTAL /NOLOGO /LIBPATH:"D:\드롭박스\Dropbox\Team MSN\trunk\irrKlang-32bit-1.5.0\irrKlang-1.5.0\lib\Win32-visualStudio" d3dxof.lib dxguid.lib d3dx9.lib d3d9.lib winmm.lib kernel32.lib user32.lib gdi32.lib winspool.lib comdlg32.lib advapi32.lib shell32.lib ole32.lib oleaut32.lib uuid.lib odbc32.lib odbccp32.lib /MANIFEST /MANIFESTUAC:"level='asInvoker' uiAccess='false'" /manifest:embed /DEBUG /PDB:"D:\드롭박스\Dropbox\Team MSN\trunk\Debug\GrandChangReulAge.pdb" /SUBSYSTEM:WINDOWS /TLBID:1 /DYNAMICBASE /NXCOMPAT /IMPLIB:"D:\드롭박스\Dropbox\Team MSN\trunk\Debug\GrandChangReulAge.lib" /MACHINE:X86 Debug\Background.obj
         Debug\BaseObject.obj
         Debug\Bullet.obj
         Debug\Clear.obj
         Debug\Curosr.obj
         Debug\Device.obj
         Debug\Effect.obj
         Debug\Looper.obj
         Debug\main.obj
         Debug\Mainmenu.obj
         Debug\Monster.obj
         Debug\PauseScreen.obj
         Debug\Picture.obj
         Debug\Player.obj
         Debug\rank.obj
         Debug\Resources.obj
         Debug\score.obj
         Debug\Sound.obj
         Debug\TestStage.obj
         Debug\Texture.obj
         Debug\BaseStage.obj
         Debug\Tile.obj
         Debug\TowerSelection.obj
         GrandChangReulAge.vcxproj -> D:\드롭박스\Dropbox\Team MSN\trunk\Debug\GrandChangReulAge.exe
     1>"D:\드롭박스\Dropbox\Team MSN\trunk\GrandChangReulAge\GrandChangReulAge.vcxproj" 프로젝트를 빌드했습니다(Build 대상).

빌드했습니다.

경과 시간: 00:00:01.14
