c:\users\b408-00\desktop\dropbox\team msn\trunk\grandchangreulage\debug\vc120.pdb
c:\users\b408-00\desktop\dropbox\team msn\trunk\grandchangreulage\debug\vc120.idb
c:\users\b408-00\desktop\dropbox\team msn\trunk\grandchangreulage\debug\background.obj
c:\users\b408-00\desktop\dropbox\team msn\trunk\grandchangreulage\debug\baseobject.obj
c:\users\b408-00\desktop\dropbox\team msn\trunk\grandchangreulage\debug\bullet.obj
c:\users\b408-00\desktop\dropbox\team msn\trunk\grandchangreulage\debug\curosr.obj
c:\users\b408-00\desktop\dropbox\team msn\trunk\grandchangreulage\debug\device.obj
c:\users\b408-00\desktop\dropbox\team msn\trunk\grandchangreulage\debug\effect.obj
c:\users\b408-00\desktop\dropbox\team msn\trunk\grandchangreulage\debug\looper.obj
c:\users\b408-00\desktop\dropbox\team msn\trunk\grandchangreulage\debug\main.obj
c:\users\b408-00\desktop\dropbox\team msn\trunk\grandchangreulage\debug\mainmenu.obj
c:\users\b408-00\desktop\dropbox\team msn\trunk\grandchangreulage\debug\monster.obj
c:\users\b408-00\desktop\dropbox\team msn\trunk\grandchangreulage\debug\picture.obj
c:\users\b408-00\desktop\dropbox\team msn\trunk\grandchangreulage\debug\player.obj
c:\users\b408-00\desktop\dropbox\team msn\trunk\grandchangreulage\debug\resources.obj
c:\users\b408-00\desktop\dropbox\team msn\trunk\grandchangreulage\debug\score.obj
c:\users\b408-00\desktop\dropbox\team msn\trunk\grandchangreulage\debug\sound.obj
c:\users\b408-00\desktop\dropbox\team msn\trunk\grandchangreulage\debug\teststage.obj
c:\users\b408-00\desktop\dropbox\team msn\trunk\grandchangreulage\debug\texture.obj
c:\users\b408-00\desktop\dropbox\team msn\trunk\grandchangreulage\debug\basestage.obj
c:\users\b408-00\desktop\dropbox\team msn\trunk\grandchangreulage\debug\tile.obj
c:\users\b408-00\desktop\dropbox\team msn\trunk\grandchangreulage\debug\towerselection.obj
c:\users\b408-00\desktop\갈매기\grandchangreulage\debug\vc120.pdb
c:\users\b408-00\desktop\갈매기\grandchangreulage\debug\vc120.idb
c:\users\b408-00\desktop\갈매기\grandchangreulage\debug\background.obj
c:\users\b408-00\desktop\갈매기\grandchangreulage\debug\baseobject.obj
c:\users\b408-00\desktop\갈매기\grandchangreulage\debug\bullet.obj
c:\users\b408-00\desktop\갈매기\grandchangreulage\debug\curosr.obj
c:\users\b408-00\desktop\갈매기\grandchangreulage\debug\device.obj
c:\users\b408-00\desktop\갈매기\grandchangreulage\debug\effect.obj
c:\users\b408-00\desktop\갈매기\grandchangreulage\debug\mainmenu.obj
c:\users\b408-00\desktop\갈매기\grandchangreulage\debug\picture.obj
c:\users\b408-00\desktop\갈매기\grandchangreulage\debug\player.obj
c:\users\b408-00\desktop\갈매기\grandchangreulage\debug\resources.obj
c:\users\b408-00\desktop\갈매기\grandchangreulage\debug\score.obj
c:\users\b408-00\desktop\갈매기\grandchangreulage\debug\sound.obj
c:\users\b408-00\desktop\갈매기\grandchangreulage\debug\texture.obj
c:\users\b408-00\desktop\갈매기\grandchangreulage\debug\basestage.obj
c:\users\b408-00\desktop\갈매기\grandchangreulage\debug\towerselection.obj
c:\users\b408-00\desktop\갈매기\grandchangreulage\debug\monster.obj
c:\users\b408-00\desktop\dropbox\team msn\trunk\debug\grandchangreulage.ilk
c:\users\b408-00\desktop\dropbox\team msn\trunk\debug\grandchangreulage.exe
c:\users\b408-00\desktop\dropbox\team msn\trunk\debug\grandchangreulage.pdb
c:\users\b408-00\desktop\갈매기\debug\grandchangreulage.pdb
c:\users\b408-00\desktop\갈매기\debug\grandchangreulage.exe
c:\users\b408-00\desktop\갈매기\debug\grandchangreulage.ilk
c:\users\b408-00\desktop\갈매기\grandchangreulage\debug\grandcha.e4466d4f.tlog\cl.command.1.tlog
c:\users\b408-00\desktop\갈매기\grandchangreulage\debug\grandcha.e4466d4f.tlog\cl.read.1.tlog
c:\users\b408-00\desktop\갈매기\grandchangreulage\debug\grandcha.e4466d4f.tlog\cl.write.1.tlog
c:\users\b408-00\desktop\갈매기\grandchangreulage\debug\grandcha.e4466d4f.tlog\link.command.1.tlog
c:\users\b408-00\desktop\갈매기\grandchangreulage\debug\grandcha.e4466d4f.tlog\link.read.1.tlog
c:\users\b408-00\desktop\갈매기\grandchangreulage\debug\grandcha.e4466d4f.tlog\link.write.1.tlog
